c:\users\admin\source\repos\chess\x64\debug\vc143.pdb
c:\users\admin\source\repos\chess\x64\debug\vc143.idb
c:\users\admin\source\repos\chess\x64\debug\string_implementation.obj
c:\users\admin\source\repos\chess\x64\debug\source.obj
c:\users\admin\source\repos\chess\x64\debug\chess_implementation.obj
c:\users\admin\source\repos\chess\x64\debug\eventhandler_implementation.obj
c:\users\admin\source\repos\chess\x64\debug\knight_implementation.obj
c:\users\admin\source\repos\chess\x64\debug\parser_implementation.obj
c:\users\admin\source\repos\chess\x64\debug\queen_implementation.obj
c:\users\admin\source\repos\chess\x64\debug\rook_implementation.obj
c:\users\admin\source\repos\chess\x64\debug\pawn_implementation.obj
c:\users\admin\source\repos\chess\x64\debug\king_implementation.obj
c:\users\admin\source\repos\chess\x64\debug\figure_implementation.obj
c:\users\admin\source\repos\chess\x64\debug\board_implementation.obj
c:\users\admin\source\repos\chess\x64\debug\bishop_implementation.obj
c:\users\admin\source\repos\chess\x64\debug\chess.pdb
c:\users\admin\source\repos\chess\x64\debug\chess.tlog\cl.command.1.tlog
c:\users\admin\source\repos\chess\x64\debug\chess.tlog\cl.items.tlog
c:\users\admin\source\repos\chess\x64\debug\chess.tlog\cl.read.1.tlog
c:\users\admin\source\repos\chess\x64\debug\chess.tlog\cl.write.1.tlog
c:\users\admin\source\repos\chess\x64\debug\chess.tlog\link.14036-cvtres.read.1.tlog
c:\users\admin\source\repos\chess\x64\debug\chess.tlog\link.14036-cvtres.write.1.tlog
c:\users\admin\source\repos\chess\x64\debug\chess.tlog\link.14036-rc.read.1.tlog
c:\users\admin\source\repos\chess\x64\debug\chess.tlog\link.14036-rc.write.1.tlog
c:\users\admin\source\repos\chess\x64\debug\chess.tlog\link.14036.read.1.tlog
c:\users\admin\source\repos\chess\x64\debug\chess.tlog\link.14036.read.2.tlog
c:\users\admin\source\repos\chess\x64\debug\chess.tlog\link.14036.write.1.tlog
c:\users\admin\source\repos\chess\x64\debug\chess.tlog\link.command.1.tlog
c:\users\admin\source\repos\chess\x64\debug\chess.tlog\link.read.1.tlog
c:\users\admin\source\repos\chess\x64\debug\chess.tlog\link.write.1.tlog
